<?xml version="1.0" encoding="UTF-8"?>
<testng-results skipped="0" failed="0" ignored="0" total="2" passed="2">
  <reporter-output>
  </reporter-output>
  <suite name="Suite" duration-ms="12604" started-at="2022-02-14T12:27:47Z" finished-at="2022-02-14T12:28:00Z">
    <groups>
    </groups>
    <test name="Test" duration-ms="6832" started-at="2022-02-14T12:27:47Z" finished-at="2022-02-14T12:27:54Z">
      <class name="org.rangerdev.AshTable">
        <test-method status="PASS" signature="tc01(java.lang.String)[pri:0, instance:org.rangerdev.AshTable@4b952a2d]" name="tc01" duration-ms="6814" started-at="2022-02-14T17:57:47Z" finished-at="2022-02-14T17:57:54Z">
          <params>
            <param index="0">
              <value>
                <![CDATA[chrome]]>
              </value>
            </param>
          </params>
          <reporter-output>
          </reporter-output>
        </test-method> <!-- tc01 -->
      </class> <!-- org.rangerdev.AshTable -->
    </test> <!-- Test -->
    <test name="Test1" duration-ms="5761" started-at="2022-02-14T12:27:54Z" finished-at="2022-02-14T12:28:00Z">
      <class name="org.rangerdev.AshTable">
        <test-method status="PASS" signature="tc01(java.lang.String)[pri:0, instance:org.rangerdev.AshTable@3327bd23]" name="tc01" duration-ms="5758" started-at="2022-02-14T17:57:54Z" finished-at="2022-02-14T17:58:00Z">
          <params>
            <param index="0">
              <value>
                <![CDATA[Chrome]]>
              </value>
            </param>
          </params>
          <reporter-output>
          </reporter-output>
        </test-method> <!-- tc01 -->
      </class> <!-- org.rangerdev.AshTable -->
    </test> <!-- Test1 -->
  </suite> <!-- Suite -->
</testng-results>
